<?xml version="1.0" encoding="UTF-8"?>
<testng-results ignored="0" total="1" passed="1" failed="0" skipped="0">
  <reporter-output>
  </reporter-output>
  <suite started-at="2023-01-06T10:13:46 CST" name="Default suite" finished-at="2023-01-06T10:14:07 CST" duration-ms="20613">
    <groups>
    </groups>
    <test started-at="2023-01-06T10:13:46 CST" name="Default test" finished-at="2023-01-06T10:14:07 CST" duration-ms="20613">
      <class name="login.LoginTwitter">
        <test-method signature="testNGAsserts()[pri:0, instance:login.LoginTwitter@2b91004a]" started-at="2023-01-06T10:13:46 CST" name="testNGAsserts" finished-at="2023-01-06T10:14:07 CST" duration-ms="20562" status="PASS">
          <reporter-output>
          </reporter-output>
        </test-method> <!-- testNGAsserts -->
      </class> <!-- login.LoginTwitter -->
    </test> <!-- Default test -->
  </suite> <!-- Default suite -->
</testng-results>
